{"C:\\Users\\Alicia\\Dropbox\\Coding\\Nodejs\\sentiment-analysis\\index.js":{"path":"C:\\Users\\Alicia\\Dropbox\\Coding\\Nodejs\\sentiment-analysis\\index.js","s":{"1":1,"2":1,"3":1,"4":1,"5":40,"6":17,"7":23,"8":1,"9":0,"10":1,"11":0,"12":1,"13":2,"14":1,"15":1,"16":1},"b":{"1":[17,23],"2":[1,0]},"f":{"1":1,"2":40,"3":0,"4":0,"5":2},"fnMap":{"1":{"name":"(anonymous_1)","line":1,"loc":{"start":{"line":1,"column":1},"end":{"line":1,"column":12}}},"2":{"name":"(anonymous_2)","line":6,"loc":{"start":{"line":6,"column":18},"end":{"line":6,"column":33}}},"3":{"name":"(anonymous_3)","line":14,"loc":{"start":{"line":14,"column":19},"end":{"line":14,"column":34}}},"4":{"name":"(anonymous_4)","line":18,"loc":{"start":{"line":18,"column":23},"end":{"line":18,"column":42}}},"5":{"name":"(anonymous_5)","line":22,"loc":{"start":{"line":22,"column":20},"end":{"line":22,"column":39}}}},"statementMap":{"1":{"start":{"line":1,"column":0},"end":{"line":39,"column":14}},"2":{"start":{"line":2,"column":2},"end":{"line":2,"column":88}},"3":{"start":{"line":4,"column":2},"end":{"line":4,"column":46}},"4":{"start":{"line":6,"column":2},"end":{"line":12,"column":4}},"5":{"start":{"line":7,"column":4},"end":{"line":11,"column":5}},"6":{"start":{"line":8,"column":6},"end":{"line":8,"column":18}},"7":{"start":{"line":10,"column":6},"end":{"line":10,"column":19}},"8":{"start":{"line":14,"column":2},"end":{"line":16,"column":4}},"9":{"start":{"line":15,"column":4},"end":{"line":15,"column":13}},"10":{"start":{"line":18,"column":2},"end":{"line":20,"column":4}},"11":{"start":{"line":19,"column":4},"end":{"line":19,"column":14}},"12":{"start":{"line":22,"column":2},"end":{"line":24,"column":4}},"13":{"start":{"line":23,"column":4},"end":{"line":23,"column":13}},"14":{"start":{"line":26,"column":2},"end":{"line":26,"column":35}},"15":{"start":{"line":28,"column":2},"end":{"line":37,"column":3}},"16":{"start":{"line":29,"column":4},"end":{"line":36,"column":6}}},"branchMap":{"1":{"line":7,"type":"if","locations":[{"start":{"line":7,"column":4},"end":{"line":7,"column":4}},{"start":{"line":7,"column":4},"end":{"line":7,"column":4}}]},"2":{"line":28,"type":"if","locations":[{"start":{"line":28,"column":2},"end":{"line":28,"column":2}},{"start":{"line":28,"column":2},"end":{"line":28,"column":2}}]}}}}