TN:
SF:C:\Users\Alicia\Dropbox\Coding\Nodejs\sentiment-analysis\index.js
FN:1,(anonymous_1)
FN:6,(anonymous_2)
FN:14,(anonymous_3)
FN:22,(anonymous_4)
FN:29,(anonymous_5)
FN:35,(anonymous_6)
FN:52,(anonymous_7)
FNF:7
FNH:7
FNDA:2,(anonymous_1)
FNDA:202,(anonymous_2)
FNDA:84,(anonymous_3)
FNDA:38,(anonymous_4)
FNDA:214,(anonymous_5)
FNDA:40,(anonymous_6)
FNDA:22,(anonymous_7)
DA:1,2
DA:2,2
DA:4,2
DA:6,2
DA:7,202
DA:8,68
DA:10,134
DA:14,2
DA:15,84
DA:16,68
DA:18,16
DA:22,2
DA:23,38
DA:24,38
DA:25,38
DA:26,38
DA:27,38
DA:28,38
DA:29,38
DA:30,214
DA:32,38
DA:35,2
DA:36,40
DA:37,40
DA:38,0
DA:40,40
DA:41,40
DA:42,192
DA:44,40
DA:45,40
DA:46,162
DA:47,162
DA:49,40
DA:52,2
DA:53,22
DA:54,22
DA:55,22
DA:56,22
DA:57,122
DA:58,122
DA:59,34
DA:62,22
DA:63,22
DA:64,22
DA:67,2
DA:69,2
DA:70,2
LF:47
LH:46
BRDA:7,1,0,68
BRDA:7,1,1,134
BRDA:15,2,0,68
BRDA:15,2,1,16
BRDA:23,3,0,38
BRDA:23,3,1,0
BRDA:24,4,0,38
BRDA:24,4,1,0
BRDA:37,5,0,0
BRDA:37,5,1,40
BRDA:41,6,0,232
BRDA:41,6,1,0
BRDA:41,7,0,192
BRDA:41,7,1,0
BRDA:58,8,0,34
BRDA:58,8,1,88
BRDA:62,9,0,4
BRDA:62,9,1,18
BRDA:63,10,0,0
BRDA:63,10,1,22
BRDA:69,11,0,2
BRDA:69,11,1,0
BRF:22
BRH:15
end_of_record
